<?xml version="1.0" encoding="UTF-8"?>
<testsuite xmlns:xsi="http://www.w3.org/2001/XMLSchema-instance" xsi:noNamespaceSchemaLocation="https://maven.apache.org/surefire/maven-surefire-plugin/xsd/surefire-test-report.xsd" name="com.baizhi.Test.TestGoEasy" time="25.068" tests="2" errors="0" skipped="0" failures="0">
  <properties>
    <property name="sun.desktop" value="windows"/>
    <property name="awt.toolkit" value="sun.awt.windows.WToolkit"/>
    <property name="file.encoding.pkg" value="sun.io"/>
    <property name="java.specification.version" value="1.8"/>
    <property name="sun.cpu.isalist" value="amd64"/>
    <property name="sun.jnu.encoding" value="GBK"/>
    <property name="java.class.path" value="F:\Idea-workspace\syj-yxue-module-system\target\test-classes;F:\Idea-workspace\syj-yxue-module-system\target\classes;F:\repo3\org\springframework\boot\spring-boot-starter\2.0.6.RELEASE\spring-boot-starter-2.0.6.RELEASE.jar;F:\repo3\org\springframework\boot\spring-boot\2.0.6.RELEASE\spring-boot-2.0.6.RELEASE.jar;F:\repo3\org\springframework\spring-context\5.0.10.RELEASE\spring-context-5.0.10.RELEASE.jar;F:\repo3\org\springframework\boot\spring-boot-autoconfigure\2.0.6.RELEASE\spring-boot-autoconfigure-2.0.6.RELEASE.jar;F:\repo3\org\springframework\boot\spring-boot-starter-logging\2.0.6.RELEASE\spring-boot-starter-logging-2.0.6.RELEASE.jar;F:\repo3\ch\qos\logback\logback-classic\1.2.3\logback-classic-1.2.3.jar;F:\repo3\ch\qos\logback\logback-core\1.2.3\logback-core-1.2.3.jar;F:\repo3\org\apache\logging\log4j\log4j-to-slf4j\2.10.0\log4j-to-slf4j-2.10.0.jar;F:\repo3\org\apache\logging\log4j\log4j-api\2.10.0\log4j-api-2.10.0.jar;F:\repo3\org\slf4j\jul-to-slf4j\1.7.25\jul-to-slf4j-1.7.25.jar;F:\repo3\javax\annotation\javax.annotation-api\1.3.2\javax.annotation-api-1.3.2.jar;F:\repo3\org\springframework\spring-core\5.0.10.RELEASE\spring-core-5.0.10.RELEASE.jar;F:\repo3\org\springframework\spring-jcl\5.0.10.RELEASE\spring-jcl-5.0.10.RELEASE.jar;F:\repo3\org\yaml\snakeyaml\1.19\snakeyaml-1.19.jar;F:\repo3\org\springframework\boot\spring-boot-starter-test\2.0.6.RELEASE\spring-boot-starter-test-2.0.6.RELEASE.jar;F:\repo3\org\springframework\boot\spring-boot-test\2.0.6.RELEASE\spring-boot-test-2.0.6.RELEASE.jar;F:\repo3\org\springframework\boot\spring-boot-test-autoconfigure\2.0.6.RELEASE\spring-boot-test-autoconfigure-2.0.6.RELEASE.jar;F:\repo3\com\jayway\jsonpath\json-path\2.4.0\json-path-2.4.0.jar;F:\repo3\net\minidev\json-smart\2.3\json-smart-2.3.jar;F:\repo3\net\minidev\accessors-smart\1.2\accessors-smart-1.2.jar;F:\repo3\org\ow2\asm\asm\5.0.4\asm-5.0.4.jar;F:\repo3\junit\junit\4.12\junit-4.12.jar;F:\repo3\org\assertj\assertj-core\3.9.1\assertj-core-3.9.1.jar;F:\repo3\org\mockito\mockito-core\2.15.0\mockito-core-2.15.0.jar;F:\repo3\net\bytebuddy\byte-buddy\1.7.11\byte-buddy-1.7.11.jar;F:\repo3\net\bytebuddy\byte-buddy-agent\1.7.11\byte-buddy-agent-1.7.11.jar;F:\repo3\org\objenesis\objenesis\2.6\objenesis-2.6.jar;F:\repo3\org\hamcrest\hamcrest-core\1.3\hamcrest-core-1.3.jar;F:\repo3\org\hamcrest\hamcrest-library\1.3\hamcrest-library-1.3.jar;F:\repo3\org\skyscreamer\jsonassert\1.5.0\jsonassert-1.5.0.jar;F:\repo3\com\vaadin\external\google\android-json\0.0.20131108.vaadin1\android-json-0.0.20131108.vaadin1.jar;F:\repo3\org\springframework\spring-test\5.0.10.RELEASE\spring-test-5.0.10.RELEASE.jar;F:\repo3\org\xmlunit\xmlunit-core\2.5.1\xmlunit-core-2.5.1.jar;F:\repo3\org\springframework\boot\spring-boot-starter-web\2.0.6.RELEASE\spring-boot-starter-web-2.0.6.RELEASE.jar;F:\repo3\org\springframework\boot\spring-boot-starter-json\2.0.6.RELEASE\spring-boot-starter-json-2.0.6.RELEASE.jar;F:\repo3\com\fasterxml\jackson\core\jackson-databind\2.9.7\jackson-databind-2.9.7.jar;F:\repo3\com\fasterxml\jackson\core\jackson-annotations\2.9.0\jackson-annotations-2.9.0.jar;F:\repo3\com\fasterxml\jackson\core\jackson-core\2.9.7\jackson-core-2.9.7.jar;F:\repo3\com\fasterxml\jackson\datatype\jackson-datatype-jdk8\2.9.7\jackson-datatype-jdk8-2.9.7.jar;F:\repo3\com\fasterxml\jackson\datatype\jackson-datatype-jsr310\2.9.7\jackson-datatype-jsr310-2.9.7.jar;F:\repo3\com\fasterxml\jackson\module\jackson-module-parameter-names\2.9.7\jackson-module-parameter-names-2.9.7.jar;F:\repo3\org\springframework\boot\spring-boot-starter-tomcat\2.0.6.RELEASE\spring-boot-starter-tomcat-2.0.6.RELEASE.jar;F:\repo3\org\apache\tomcat\embed\tomcat-embed-websocket\8.5.34\tomcat-embed-websocket-8.5.34.jar;F:\repo3\org\hibernate\validator\hibernate-validator\6.0.13.Final\hibernate-validator-6.0.13.Final.jar;F:\repo3\org\jboss\logging\jboss-logging\3.3.2.Final\jboss-logging-3.3.2.Final.jar;F:\repo3\com\fasterxml\classmate\1.3.4\classmate-1.3.4.jar;F:\repo3\org\springframework\spring-web\5.0.10.RELEASE\spring-web-5.0.10.RELEASE.jar;F:\repo3\org\springframework\spring-beans\5.0.10.RELEASE\spring-beans-5.0.10.RELEASE.jar;F:\repo3\org\springframework\spring-webmvc\5.0.10.RELEASE\spring-webmvc-5.0.10.RELEASE.jar;F:\repo3\org\springframework\spring-expression\5.0.10.RELEASE\spring-expression-5.0.10.RELEASE.jar;F:\repo3\org\projectlombok\lombok\1.16.22\lombok-1.16.22.jar;F:\repo3\com\baomidou\mybatis-plus-boot-starter\3.2.0\mybatis-plus-boot-starter-3.2.0.jar;F:\repo3\com\baomidou\mybatis-plus\3.2.0\mybatis-plus-3.2.0.jar;F:\repo3\org\springframework\boot\spring-boot-starter-jdbc\2.0.6.RELEASE\spring-boot-starter-jdbc-2.0.6.RELEASE.jar;F:\repo3\com\zaxxer\HikariCP\2.7.9\HikariCP-2.7.9.jar;F:\repo3\org\springframework\spring-jdbc\5.0.10.RELEASE\spring-jdbc-5.0.10.RELEASE.jar;F:\repo3\mysql\mysql-connector-java\5.1.47\mysql-connector-java-5.1.47.jar;F:\repo3\com\alibaba\druid-spring-boot-starter\1.1.17\druid-spring-boot-starter-1.1.17.jar;F:\repo3\com\alibaba\druid\1.1.17\druid-1.1.17.jar;F:\repo3\org\slf4j\slf4j-api\1.7.25\slf4j-api-1.7.25.jar;F:\repo3\org\springframework\boot\spring-boot-starter-aop\2.0.6.RELEASE\spring-boot-starter-aop-2.0.6.RELEASE.jar;F:\repo3\org\springframework\spring-aop\5.0.10.RELEASE\spring-aop-5.0.10.RELEASE.jar;F:\repo3\org\aspectj\aspectjweaver\1.8.13\aspectjweaver-1.8.13.jar;F:\repo3\jstl\jstl\1.2\jstl-1.2.jar;F:\repo3\org\apache\tomcat\embed\tomcat-embed-jasper\8.5.34\tomcat-embed-jasper-8.5.34.jar;F:\repo3\org\apache\tomcat\embed\tomcat-embed-core\8.5.34\tomcat-embed-core-8.5.34.jar;F:\repo3\org\apache\tomcat\tomcat-annotations-api\8.5.34\tomcat-annotations-api-8.5.34.jar;F:\repo3\org\apache\tomcat\embed\tomcat-embed-el\8.5.34\tomcat-embed-el-8.5.34.jar;F:\repo3\org\eclipse\jdt\ecj\3.12.3\ecj-3.12.3.jar;F:\repo3\com\oracle\ojdbc6\12.1.0.1-atlassian-hosted\ojdbc6-12.1.0.1-atlassian-hosted.jar;F:\repo3\org\apache\commons\commons-lang3\3.8.1\commons-lang3-3.8.1.jar;F:\repo3\commons-io\commons-io\2.6\commons-io-2.6.jar;F:\repo3\commons-fileupload\commons-fileupload\1.3.3\commons-fileupload-1.3.3.jar;F:\repo3\com\baomidou\mybatis-plus-generator\3.4.0\mybatis-plus-generator-3.4.0.jar;F:\repo3\com\baomidou\mybatis-plus-extension\3.4.0\mybatis-plus-extension-3.4.0.jar;F:\repo3\com\baomidou\mybatis-plus-core\3.4.0\mybatis-plus-core-3.4.0.jar;F:\repo3\com\baomidou\mybatis-plus-annotation\3.4.0\mybatis-plus-annotation-3.4.0.jar;F:\repo3\com\github\jsqlparser\jsqlparser\3.2\jsqlparser-3.2.jar;F:\repo3\org\mybatis\mybatis\3.5.5\mybatis-3.5.5.jar;F:\repo3\org\mybatis\mybatis-spring\2.0.5\mybatis-spring-2.0.5.jar;F:\repo3\org\apache\velocity\velocity-engine-core\2.2\velocity-engine-core-2.2.jar;F:\repo3\javax\servlet\javax.servlet-api\3.1.0\javax.servlet-api-3.1.0.jar;F:\repo3\com\aliyun\aliyun-java-sdk-core\4.5.3\aliyun-java-sdk-core-4.5.3.jar;F:\repo3\com\google\code\gson\gson\2.8.5\gson-2.8.5.jar;F:\repo3\org\apache\httpcomponents\httpclient\4.5.6\httpclient-4.5.6.jar;F:\repo3\commons-codec\commons-codec\1.11\commons-codec-1.11.jar;F:\repo3\org\apache\httpcomponents\httpcore\4.4.10\httpcore-4.4.10.jar;F:\repo3\commons-logging\commons-logging\1.2\commons-logging-1.2.jar;F:\repo3\javax\xml\bind\jaxb-api\2.3.1\jaxb-api-2.3.1.jar;F:\repo3\javax\activation\javax.activation-api\1.2.0\javax.activation-api-1.2.0.jar;F:\repo3\org\jacoco\org.jacoco.agent\0.8.5\org.jacoco.agent-0.8.5-runtime.jar;F:\repo3\org\ini4j\ini4j\0.5.4\ini4j-0.5.4.jar;F:\repo3\io\opentracing\opentracing-api\0.33.0\opentracing-api-0.33.0.jar;F:\repo3\io\opentracing\opentracing-util\0.33.0\opentracing-util-0.33.0.jar;F:\repo3\io\opentracing\opentracing-noop\0.33.0\opentracing-noop-0.33.0.jar;F:\repo3\com\qiniu\qiniu-java-sdk\7.3.0\qiniu-java-sdk-7.3.0.jar;F:\repo3\com\squareup\okhttp3\okhttp\3.14.4\okhttp-3.14.4.jar;F:\repo3\com\squareup\okio\okio\1.17.2\okio-1.17.2.jar;F:\repo3\org\springframework\boot\spring-boot-starter-data-redis\2.0.6.RELEASE\spring-boot-starter-data-redis-2.0.6.RELEASE.jar;F:\repo3\org\springframework\data\spring-data-redis\2.0.11.RELEASE\spring-data-redis-2.0.11.RELEASE.jar;F:\repo3\org\springframework\data\spring-data-keyvalue\2.0.11.RELEASE\spring-data-keyvalue-2.0.11.RELEASE.jar;F:\repo3\org\springframework\data\spring-data-commons\2.0.11.RELEASE\spring-data-commons-2.0.11.RELEASE.jar;F:\repo3\org\springframework\spring-tx\5.0.10.RELEASE\spring-tx-5.0.10.RELEASE.jar;F:\repo3\org\springframework\spring-oxm\5.0.10.RELEASE\spring-oxm-5.0.10.RELEASE.jar;F:\repo3\org\springframework\spring-context-support\5.0.10.RELEASE\spring-context-support-5.0.10.RELEASE.jar;F:\repo3\io\lettuce\lettuce-core\5.0.5.RELEASE\lettuce-core-5.0.5.RELEASE.jar;F:\repo3\io\projectreactor\reactor-core\3.1.10.RELEASE\reactor-core-3.1.10.RELEASE.jar;F:\repo3\org\reactivestreams\reactive-streams\1.0.2\reactive-streams-1.0.2.jar;F:\repo3\io\netty\netty-common\4.1.29.Final\netty-common-4.1.29.Final.jar;F:\repo3\io\netty\netty-transport\4.1.29.Final\netty-transport-4.1.29.Final.jar;F:\repo3\io\netty\netty-buffer\4.1.29.Final\netty-buffer-4.1.29.Final.jar;F:\repo3\io\netty\netty-resolver\4.1.29.Final\netty-resolver-4.1.29.Final.jar;F:\repo3\io\netty\netty-handler\4.1.29.Final\netty-handler-4.1.29.Final.jar;F:\repo3\io\netty\netty-codec\4.1.29.Final\netty-codec-4.1.29.Final.jar;F:\repo3\io\goeasy\goeasy-sdk\0.3.14\goeasy-sdk-0.3.14.jar;F:\repo3\com\alibaba\fastjson\1.2.24\fastjson-1.2.24.jar;F:\repo3\org\bytedeco\javacv\0.8\javacv-0.8.jar;F:\repo3\org\bytedeco\javacpp\0.8\javacpp-0.8.jar;F:\repo3\org\bytedeco\javacpp-presets\opencv\2.4.9-0.8\opencv-2.4.9-0.8.jar;F:\repo3\org\bytedeco\javacpp-presets\ffmpeg\2.2.1-0.8\ffmpeg-2.2.1-0.8.jar;F:\repo3\org\bytedeco\javacpp-presets\flycapture\1.7.17-0.8\flycapture-1.7.17-0.8.jar;F:\repo3\org\bytedeco\javacpp-presets\libdc1394\2.2.2-0.8\libdc1394-2.2.2-0.8.jar;F:\repo3\org\bytedeco\javacpp-presets\libfreenect\0.4-0.8\libfreenect-0.4-0.8.jar;F:\repo3\org\bytedeco\javacpp-presets\videoinput\0.200-0.8\videoinput-0.200-0.8.jar;F:\repo3\org\bytedeco\javacpp-presets\artoolkitplus\2.3.0-0.8\artoolkitplus-2.3.0-0.8.jar;F:\repo3\org\bytedeco\javacpp-presets\opencv\2.4.9-0.8\opencv-2.4.9-0.8-windows-x86_64.jar;F:\repo3\org\bytedeco\javacpp-presets\ffmpeg\2.2.1-0.8\ffmpeg-2.2.1-0.8-windows-x86_64.jar;F:\repo3\org\bytedeco\javacpp-presets\flycapture\1.7.17-0.8\flycapture-1.7.17-0.8-windows-x86_64.jar;F:\repo3\org\bytedeco\javacpp-presets\libdc1394\2.2.2-0.8\libdc1394-2.2.2-0.8-windows-x86_64.jar;F:\repo3\org\bytedeco\javacpp-presets\libfreenect\0.4-0.8\libfreenect-0.4-0.8-windows-x86_64.jar;F:\repo3\org\bytedeco\javacpp-presets\videoinput\0.200-0.8\videoinput-0.200-0.8-windows-x86_64.jar;F:\repo3\org\bytedeco\javacpp-presets\artoolkitplus\2.3.0-0.8\artoolkitplus-2.3.0-0.8-windows-x86_64.jar;F:\repo3\cn\afterturn\easypoi-base\4.0.0\easypoi-base-4.0.0.jar;F:\repo3\org\apache\poi\poi\4.0.0\poi-4.0.0.jar;F:\repo3\org\apache\commons\commons-collections4\4.2\commons-collections4-4.2.jar;F:\repo3\org\apache\poi\poi-ooxml\4.0.0\poi-ooxml-4.0.0.jar;F:\repo3\org\apache\commons\commons-compress\1.18\commons-compress-1.18.jar;F:\repo3\com\github\virtuald\curvesapi\1.04\curvesapi-1.04.jar;F:\repo3\org\apache\poi\poi-ooxml-schemas\4.0.0\poi-ooxml-schemas-4.0.0.jar;F:\repo3\org\apache\xmlbeans\xmlbeans\3.0.1\xmlbeans-3.0.1.jar;F:\repo3\com\google\guava\guava\16.0.1\guava-16.0.1.jar;F:\repo3\ognl\ognl\3.2.6\ognl-3.2.6.jar;F:\repo3\org\javassist\javassist\3.20.0-GA\javassist-3.20.0-GA.jar;F:\repo3\javax\validation\validation-api\2.0.1.Final\validation-api-2.0.1.Final.jar;F:\repo3\cn\afterturn\easypoi-web\4.0.0\easypoi-web-4.0.0.jar;F:\repo3\cn\afterturn\easypoi-annotation\4.0.0\easypoi-annotation-4.0.0.jar;F:\repo3\cn\afterturn\easypoi-spring-boot-starter\4.0.0\easypoi-spring-boot-starter-4.0.0.jar;F:\repo3\org\junit\jupiter\junit-jupiter\5.7.0\junit-jupiter-5.7.0.jar;F:\repo3\org\junit\jupiter\junit-jupiter-api\5.1.1\junit-jupiter-api-5.1.1.jar;F:\repo3\org\apiguardian\apiguardian-api\1.0.0\apiguardian-api-1.0.0.jar;F:\repo3\org\opentest4j\opentest4j\1.0.0\opentest4j-1.0.0.jar;F:\repo3\org\junit\platform\junit-platform-commons\1.1.1\junit-platform-commons-1.1.1.jar;F:\repo3\org\junit\jupiter\junit-jupiter-params\5.1.1\junit-jupiter-params-5.1.1.jar;F:\repo3\org\junit\jupiter\junit-jupiter-engine\5.1.1\junit-jupiter-engine-5.1.1.jar;F:\repo3\org\junit\platform\junit-platform-engine\1.1.1\junit-platform-engine-1.1.1.jar;"/>
    <property name="java.vm.vendor" value="Oracle Corporation"/>
    <property name="sun.arch.data.model" value="64"/>
    <property name="user.variant" value=""/>
    <property name="java.vendor.url" value="http://java.oracle.com/"/>
    <property name="user.timezone" value=""/>
    <property name="java.vm.specification.version" value="1.8"/>
    <property name="os.name" value="Windows 10"/>
    <property name="user.country" value="CN"/>
    <property name="sun.java.launcher" value="SUN_STANDARD"/>
    <property name="sun.boot.library.path" value="C:\Program Files\Java\jdk1.8.0_91\jre\bin"/>
    <property name="sun.java.command" value="C:\Users\hp\AppData\Local\Temp\surefire7886337220343814393\surefirebooter8444712084910375764.jar C:\Users\hp\AppData\Local\Temp\surefire7886337220343814393 2020-10-12T21-25-23_459-jvmRun1 surefire5725810059037374725tmp surefire_08998631036917263886tmp"/>
    <property name="surefire.test.class.path" value="F:\Idea-workspace\syj-yxue-module-system\target\test-classes;F:\Idea-workspace\syj-yxue-module-system\target\classes;F:\repo3\org\springframework\boot\spring-boot-starter\2.0.6.RELEASE\spring-boot-starter-2.0.6.RELEASE.jar;F:\repo3\org\springframework\boot\spring-boot\2.0.6.RELEASE\spring-boot-2.0.6.RELEASE.jar;F:\repo3\org\springframework\spring-context\5.0.10.RELEASE\spring-context-5.0.10.RELEASE.jar;F:\repo3\org\springframework\boot\spring-boot-autoconfigure\2.0.6.RELEASE\spring-boot-autoconfigure-2.0.6.RELEASE.jar;F:\repo3\org\springframework\boot\spring-boot-starter-logging\2.0.6.RELEASE\spring-boot-starter-logging-2.0.6.RELEASE.jar;F:\repo3\ch\qos\logback\logback-classic\1.2.3\logback-classic-1.2.3.jar;F:\repo3\ch\qos\logback\logback-core\1.2.3\logback-core-1.2.3.jar;F:\repo3\org\apache\logging\log4j\log4j-to-slf4j\2.10.0\log4j-to-slf4j-2.10.0.jar;F:\repo3\org\apache\logging\log4j\log4j-api\2.10.0\log4j-api-2.10.0.jar;F:\repo3\org\slf4j\jul-to-slf4j\1.7.25\jul-to-slf4j-1.7.25.jar;F:\repo3\javax\annotation\javax.annotation-api\1.3.2\javax.annotation-api-1.3.2.jar;F:\repo3\org\springframework\spring-core\5.0.10.RELEASE\spring-core-5.0.10.RELEASE.jar;F:\repo3\org\springframework\spring-jcl\5.0.10.RELEASE\spring-jcl-5.0.10.RELEASE.jar;F:\repo3\org\yaml\snakeyaml\1.19\snakeyaml-1.19.jar;F:\repo3\org\springframework\boot\spring-boot-starter-test\2.0.6.RELEASE\spring-boot-starter-test-2.0.6.RELEASE.jar;F:\repo3\org\springframework\boot\spring-boot-test\2.0.6.RELEASE\spring-boot-test-2.0.6.RELEASE.jar;F:\repo3\org\springframework\boot\spring-boot-test-autoconfigure\2.0.6.RELEASE\spring-boot-test-autoconfigure-2.0.6.RELEASE.jar;F:\repo3\com\jayway\jsonpath\json-path\2.4.0\json-path-2.4.0.jar;F:\repo3\net\minidev\json-smart\2.3\json-smart-2.3.jar;F:\repo3\net\minidev\accessors-smart\1.2\accessors-smart-1.2.jar;F:\repo3\org\ow2\asm\asm\5.0.4\asm-5.0.4.jar;F:\repo3\junit\junit\4.12\junit-4.12.jar;F:\repo3\org\assertj\assertj-core\3.9.1\assertj-core-3.9.1.jar;F:\repo3\org\mockito\mockito-core\2.15.0\mockito-core-2.15.0.jar;F:\repo3\net\bytebuddy\byte-buddy\1.7.11\byte-buddy-1.7.11.jar;F:\repo3\net\bytebuddy\byte-buddy-agent\1.7.11\byte-buddy-agent-1.7.11.jar;F:\repo3\org\objenesis\objenesis\2.6\objenesis-2.6.jar;F:\repo3\org\hamcrest\hamcrest-core\1.3\hamcrest-core-1.3.jar;F:\repo3\org\hamcrest\hamcrest-library\1.3\hamcrest-library-1.3.jar;F:\repo3\org\skyscreamer\jsonassert\1.5.0\jsonassert-1.5.0.jar;F:\repo3\com\vaadin\external\google\android-json\0.0.20131108.vaadin1\android-json-0.0.20131108.vaadin1.jar;F:\repo3\org\springframework\spring-test\5.0.10.RELEASE\spring-test-5.0.10.RELEASE.jar;F:\repo3\org\xmlunit\xmlunit-core\2.5.1\xmlunit-core-2.5.1.jar;F:\repo3\org\springframework\boot\spring-boot-starter-web\2.0.6.RELEASE\spring-boot-starter-web-2.0.6.RELEASE.jar;F:\repo3\org\springframework\boot\spring-boot-starter-json\2.0.6.RELEASE\spring-boot-starter-json-2.0.6.RELEASE.jar;F:\repo3\com\fasterxml\jackson\core\jackson-databind\2.9.7\jackson-databind-2.9.7.jar;F:\repo3\com\fasterxml\jackson\core\jackson-annotations\2.9.0\jackson-annotations-2.9.0.jar;F:\repo3\com\fasterxml\jackson\core\jackson-core\2.9.7\jackson-core-2.9.7.jar;F:\repo3\com\fasterxml\jackson\datatype\jackson-datatype-jdk8\2.9.7\jackson-datatype-jdk8-2.9.7.jar;F:\repo3\com\fasterxml\jackson\datatype\jackson-datatype-jsr310\2.9.7\jackson-datatype-jsr310-2.9.7.jar;F:\repo3\com\fasterxml\jackson\module\jackson-module-parameter-names\2.9.7\jackson-module-parameter-names-2.9.7.jar;F:\repo3\org\springframework\boot\spring-boot-starter-tomcat\2.0.6.RELEASE\spring-boot-starter-tomcat-2.0.6.RELEASE.jar;F:\repo3\org\apache\tomcat\embed\tomcat-embed-websocket\8.5.34\tomcat-embed-websocket-8.5.34.jar;F:\repo3\org\hibernate\validator\hibernate-validator\6.0.13.Final\hibernate-validator-6.0.13.Final.jar;F:\repo3\org\jboss\logging\jboss-logging\3.3.2.Final\jboss-logging-3.3.2.Final.jar;F:\repo3\com\fasterxml\classmate\1.3.4\classmate-1.3.4.jar;F:\repo3\org\springframework\spring-web\5.0.10.RELEASE\spring-web-5.0.10.RELEASE.jar;F:\repo3\org\springframework\spring-beans\5.0.10.RELEASE\spring-beans-5.0.10.RELEASE.jar;F:\repo3\org\springframework\spring-webmvc\5.0.10.RELEASE\spring-webmvc-5.0.10.RELEASE.jar;F:\repo3\org\springframework\spring-expression\5.0.10.RELEASE\spring-expression-5.0.10.RELEASE.jar;F:\repo3\org\projectlombok\lombok\1.16.22\lombok-1.16.22.jar;F:\repo3\com\baomidou\mybatis-plus-boot-starter\3.2.0\mybatis-plus-boot-starter-3.2.0.jar;F:\repo3\com\baomidou\mybatis-plus\3.2.0\mybatis-plus-3.2.0.jar;F:\repo3\org\springframework\boot\spring-boot-starter-jdbc\2.0.6.RELEASE\spring-boot-starter-jdbc-2.0.6.RELEASE.jar;F:\repo3\com\zaxxer\HikariCP\2.7.9\HikariCP-2.7.9.jar;F:\repo3\org\springframework\spring-jdbc\5.0.10.RELEASE\spring-jdbc-5.0.10.RELEASE.jar;F:\repo3\mysql\mysql-connector-java\5.1.47\mysql-connector-java-5.1.47.jar;F:\repo3\com\alibaba\druid-spring-boot-starter\1.1.17\druid-spring-boot-starter-1.1.17.jar;F:\repo3\com\alibaba\druid\1.1.17\druid-1.1.17.jar;F:\repo3\org\slf4j\slf4j-api\1.7.25\slf4j-api-1.7.25.jar;F:\repo3\org\springframework\boot\spring-boot-starter-aop\2.0.6.RELEASE\spring-boot-starter-aop-2.0.6.RELEASE.jar;F:\repo3\org\springframework\spring-aop\5.0.10.RELEASE\spring-aop-5.0.10.RELEASE.jar;F:\repo3\org\aspectj\aspectjweaver\1.8.13\aspectjweaver-1.8.13.jar;F:\repo3\jstl\jstl\1.2\jstl-1.2.jar;F:\repo3\org\apache\tomcat\embed\tomcat-embed-jasper\8.5.34\tomcat-embed-jasper-8.5.34.jar;F:\repo3\org\apache\tomcat\embed\tomcat-embed-core\8.5.34\tomcat-embed-core-8.5.34.jar;F:\repo3\org\apache\tomcat\tomcat-annotations-api\8.5.34\tomcat-annotations-api-8.5.34.jar;F:\repo3\org\apache\tomcat\embed\tomcat-embed-el\8.5.34\tomcat-embed-el-8.5.34.jar;F:\repo3\org\eclipse\jdt\ecj\3.12.3\ecj-3.12.3.jar;F:\repo3\com\oracle\ojdbc6\12.1.0.1-atlassian-hosted\ojdbc6-12.1.0.1-atlassian-hosted.jar;F:\repo3\org\apache\commons\commons-lang3\3.8.1\commons-lang3-3.8.1.jar;F:\repo3\commons-io\commons-io\2.6\commons-io-2.6.jar;F:\repo3\commons-fileupload\commons-fileupload\1.3.3\commons-fileupload-1.3.3.jar;F:\repo3\com\baomidou\mybatis-plus-generator\3.4.0\mybatis-plus-generator-3.4.0.jar;F:\repo3\com\baomidou\mybatis-plus-extension\3.4.0\mybatis-plus-extension-3.4.0.jar;F:\repo3\com\baomidou\mybatis-plus-core\3.4.0\mybatis-plus-core-3.4.0.jar;F:\repo3\com\baomidou\mybatis-plus-annotation\3.4.0\mybatis-plus-annotation-3.4.0.jar;F:\repo3\com\github\jsqlparser\jsqlparser\3.2\jsqlparser-3.2.jar;F:\repo3\org\mybatis\mybatis\3.5.5\mybatis-3.5.5.jar;F:\repo3\org\mybatis\mybatis-spring\2.0.5\mybatis-spring-2.0.5.jar;F:\repo3\org\apache\velocity\velocity-engine-core\2.2\velocity-engine-core-2.2.jar;F:\repo3\javax\servlet\javax.servlet-api\3.1.0\javax.servlet-api-3.1.0.jar;F:\repo3\com\aliyun\aliyun-java-sdk-core\4.5.3\aliyun-java-sdk-core-4.5.3.jar;F:\repo3\com\google\code\gson\gson\2.8.5\gson-2.8.5.jar;F:\repo3\org\apache\httpcomponents\httpclient\4.5.6\httpclient-4.5.6.jar;F:\repo3\commons-codec\commons-codec\1.11\commons-codec-1.11.jar;F:\repo3\org\apache\httpcomponents\httpcore\4.4.10\httpcore-4.4.10.jar;F:\repo3\commons-logging\commons-logging\1.2\commons-logging-1.2.jar;F:\repo3\javax\xml\bind\jaxb-api\2.3.1\jaxb-api-2.3.1.jar;F:\repo3\javax\activation\javax.activation-api\1.2.0\javax.activation-api-1.2.0.jar;F:\repo3\org\jacoco\org.jacoco.agent\0.8.5\org.jacoco.agent-0.8.5-runtime.jar;F:\repo3\org\ini4j\ini4j\0.5.4\ini4j-0.5.4.jar;F:\repo3\io\opentracing\opentracing-api\0.33.0\opentracing-api-0.33.0.jar;F:\repo3\io\opentracing\opentracing-util\0.33.0\opentracing-util-0.33.0.jar;F:\repo3\io\opentracing\opentracing-noop\0.33.0\opentracing-noop-0.33.0.jar;F:\repo3\com\qiniu\qiniu-java-sdk\7.3.0\qiniu-java-sdk-7.3.0.jar;F:\repo3\com\squareup\okhttp3\okhttp\3.14.4\okhttp-3.14.4.jar;F:\repo3\com\squareup\okio\okio\1.17.2\okio-1.17.2.jar;F:\repo3\org\springframework\boot\spring-boot-starter-data-redis\2.0.6.RELEASE\spring-boot-starter-data-redis-2.0.6.RELEASE.jar;F:\repo3\org\springframework\data\spring-data-redis\2.0.11.RELEASE\spring-data-redis-2.0.11.RELEASE.jar;F:\repo3\org\springframework\data\spring-data-keyvalue\2.0.11.RELEASE\spring-data-keyvalue-2.0.11.RELEASE.jar;F:\repo3\org\springframework\data\spring-data-commons\2.0.11.RELEASE\spring-data-commons-2.0.11.RELEASE.jar;F:\repo3\org\springframework\spring-tx\5.0.10.RELEASE\spring-tx-5.0.10.RELEASE.jar;F:\repo3\org\springframework\spring-oxm\5.0.10.RELEASE\spring-oxm-5.0.10.RELEASE.jar;F:\repo3\org\springframework\spring-context-support\5.0.10.RELEASE\spring-context-support-5.0.10.RELEASE.jar;F:\repo3\io\lettuce\lettuce-core\5.0.5.RELEASE\lettuce-core-5.0.5.RELEASE.jar;F:\repo3\io\projectreactor\reactor-core\3.1.10.RELEASE\reactor-core-3.1.10.RELEASE.jar;F:\repo3\org\reactivestreams\reactive-streams\1.0.2\reactive-streams-1.0.2.jar;F:\repo3\io\netty\netty-common\4.1.29.Final\netty-common-4.1.29.Final.jar;F:\repo3\io\netty\netty-transport\4.1.29.Final\netty-transport-4.1.29.Final.jar;F:\repo3\io\netty\netty-buffer\4.1.29.Final\netty-buffer-4.1.29.Final.jar;F:\repo3\io\netty\netty-resolver\4.1.29.Final\netty-resolver-4.1.29.Final.jar;F:\repo3\io\netty\netty-handler\4.1.29.Final\netty-handler-4.1.29.Final.jar;F:\repo3\io\netty\netty-codec\4.1.29.Final\netty-codec-4.1.29.Final.jar;F:\repo3\io\goeasy\goeasy-sdk\0.3.14\goeasy-sdk-0.3.14.jar;F:\repo3\com\alibaba\fastjson\1.2.24\fastjson-1.2.24.jar;F:\repo3\org\bytedeco\javacv\0.8\javacv-0.8.jar;F:\repo3\org\bytedeco\javacpp\0.8\javacpp-0.8.jar;F:\repo3\org\bytedeco\javacpp-presets\opencv\2.4.9-0.8\opencv-2.4.9-0.8.jar;F:\repo3\org\bytedeco\javacpp-presets\ffmpeg\2.2.1-0.8\ffmpeg-2.2.1-0.8.jar;F:\repo3\org\bytedeco\javacpp-presets\flycapture\1.7.17-0.8\flycapture-1.7.17-0.8.jar;F:\repo3\org\bytedeco\javacpp-presets\libdc1394\2.2.2-0.8\libdc1394-2.2.2-0.8.jar;F:\repo3\org\bytedeco\javacpp-presets\libfreenect\0.4-0.8\libfreenect-0.4-0.8.jar;F:\repo3\org\bytedeco\javacpp-presets\videoinput\0.200-0.8\videoinput-0.200-0.8.jar;F:\repo3\org\bytedeco\javacpp-presets\artoolkitplus\2.3.0-0.8\artoolkitplus-2.3.0-0.8.jar;F:\repo3\org\bytedeco\javacpp-presets\opencv\2.4.9-0.8\opencv-2.4.9-0.8-windows-x86_64.jar;F:\repo3\org\bytedeco\javacpp-presets\ffmpeg\2.2.1-0.8\ffmpeg-2.2.1-0.8-windows-x86_64.jar;F:\repo3\org\bytedeco\javacpp-presets\flycapture\1.7.17-0.8\flycapture-1.7.17-0.8-windows-x86_64.jar;F:\repo3\org\bytedeco\javacpp-presets\libdc1394\2.2.2-0.8\libdc1394-2.2.2-0.8-windows-x86_64.jar;F:\repo3\org\bytedeco\javacpp-presets\libfreenect\0.4-0.8\libfreenect-0.4-0.8-windows-x86_64.jar;F:\repo3\org\bytedeco\javacpp-presets\videoinput\0.200-0.8\videoinput-0.200-0.8-windows-x86_64.jar;F:\repo3\org\bytedeco\javacpp-presets\artoolkitplus\2.3.0-0.8\artoolkitplus-2.3.0-0.8-windows-x86_64.jar;F:\repo3\cn\afterturn\easypoi-base\4.0.0\easypoi-base-4.0.0.jar;F:\repo3\org\apache\poi\poi\4.0.0\poi-4.0.0.jar;F:\repo3\org\apache\commons\commons-collections4\4.2\commons-collections4-4.2.jar;F:\repo3\org\apache\poi\poi-ooxml\4.0.0\poi-ooxml-4.0.0.jar;F:\repo3\org\apache\commons\commons-compress\1.18\commons-compress-1.18.jar;F:\repo3\com\github\virtuald\curvesapi\1.04\curvesapi-1.04.jar;F:\repo3\org\apache\poi\poi-ooxml-schemas\4.0.0\poi-ooxml-schemas-4.0.0.jar;F:\repo3\org\apache\xmlbeans\xmlbeans\3.0.1\xmlbeans-3.0.1.jar;F:\repo3\com\google\guava\guava\16.0.1\guava-16.0.1.jar;F:\repo3\ognl\ognl\3.2.6\ognl-3.2.6.jar;F:\repo3\org\javassist\javassist\3.20.0-GA\javassist-3.20.0-GA.jar;F:\repo3\javax\validation\validation-api\2.0.1.Final\validation-api-2.0.1.Final.jar;F:\repo3\cn\afterturn\easypoi-web\4.0.0\easypoi-web-4.0.0.jar;F:\repo3\cn\afterturn\easypoi-annotation\4.0.0\easypoi-annotation-4.0.0.jar;F:\repo3\cn\afterturn\easypoi-spring-boot-starter\4.0.0\easypoi-spring-boot-starter-4.0.0.jar;F:\repo3\org\junit\jupiter\junit-jupiter\5.7.0\junit-jupiter-5.7.0.jar;F:\repo3\org\junit\jupiter\junit-jupiter-api\5.1.1\junit-jupiter-api-5.1.1.jar;F:\repo3\org\apiguardian\apiguardian-api\1.0.0\apiguardian-api-1.0.0.jar;F:\repo3\org\opentest4j\opentest4j\1.0.0\opentest4j-1.0.0.jar;F:\repo3\org\junit\platform\junit-platform-commons\1.1.1\junit-platform-commons-1.1.1.jar;F:\repo3\org\junit\jupiter\junit-jupiter-params\5.1.1\junit-jupiter-params-5.1.1.jar;F:\repo3\org\junit\jupiter\junit-jupiter-engine\5.1.1\junit-jupiter-engine-5.1.1.jar;F:\repo3\org\junit\platform\junit-platform-engine\1.1.1\junit-platform-engine-1.1.1.jar;"/>
    <property name="sun.cpu.endian" value="little"/>
    <property name="user.home" value="C:\Users\hp"/>
    <property name="user.language" value="zh"/>
    <property name="java.specification.vendor" value="Oracle Corporation"/>
    <property name="java.home" value="C:\Program Files\Java\jdk1.8.0_91\jre"/>
    <property name="basedir" value="F:\Idea-workspace\syj-yxue-module-system"/>
    <property name="file.separator" value="\"/>
    <property name="line.separator" value="&#10;"/>
    <property name="java.vm.specification.vendor" value="Oracle Corporation"/>
    <property name="java.specification.name" value="Java Platform API Specification"/>
    <property name="java.awt.graphicsenv" value="sun.awt.Win32GraphicsEnvironment"/>
    <property name="surefire.real.class.path" value="C:\Users\hp\AppData\Local\Temp\surefire7886337220343814393\surefirebooter8444712084910375764.jar"/>
    <property name="sun.boot.class.path" value="C:\Program Files\Java\jdk1.8.0_91\jre\lib\resources.jar;C:\Program Files\Java\jdk1.8.0_91\jre\lib\rt.jar;C:\Program Files\Java\jdk1.8.0_91\jre\lib\sunrsasign.jar;C:\Program Files\Java\jdk1.8.0_91\jre\lib\jsse.jar;C:\Program Files\Java\jdk1.8.0_91\jre\lib\jce.jar;C:\Program Files\Java\jdk1.8.0_91\jre\lib\charsets.jar;C:\Program Files\Java\jdk1.8.0_91\jre\lib\jfr.jar;C:\Program Files\Java\jdk1.8.0_91\jre\classes"/>
    <property name="user.script" value=""/>
    <property name="sun.management.compiler" value="HotSpot 64-Bit Tiered Compilers"/>
    <property name="java.runtime.version" value="1.8.0_91-b14"/>
    <property name="user.name" value="hp"/>
    <property name="path.separator" value=";"/>
    <property name="os.version" value="10.0"/>
    <property name="java.endorsed.dirs" value="C:\Program Files\Java\jdk1.8.0_91\jre\lib\endorsed"/>
    <property name="java.runtime.name" value="Java(TM) SE Runtime Environment"/>
    <property name="file.encoding" value="GBK"/>
    <property name="java.vm.name" value="Java HotSpot(TM) 64-Bit Server VM"/>
    <property name="localRepository" value="F:\repo3"/>
    <property name="java.vendor.url.bug" value="http://bugreport.sun.com/bugreport/"/>
    <property name="java.io.tmpdir" value="C:\Users\hp\AppData\Local\Temp\"/>
    <property name="java.version" value="1.8.0_91"/>
    <property name="user.dir" value="F:\Idea-workspace\syj-yxue-module-system"/>
    <property name="os.arch" value="amd64"/>
    <property name="java.vm.specification.name" value="Java Virtual Machine Specification"/>
    <property name="java.awt.printerjob" value="sun.awt.windows.WPrinterJob"/>
    <property name="sun.os.patch.level" value=""/>
    <property name="idea.version2019.3.3" value="true"/>
    <property name="java.library.path" value="C:\Program Files\Java\jdk1.8.0_91\jre\bin;C:\WINDOWS\Sun\Java\bin;C:\WINDOWS\system32;C:\WINDOWS;C:\oraclexe\app\oracle\product\10.2.0\server\bin;C:\Program Files\Java\jdk1.8.0_91\bin;C:\WINDOWS\system32;C:\WINDOWS;C:\WINDOWS\system32\wbem;F:\Program Files\VanDyke Software\Clients\;C:\Program Files\NVIDIA Corporation\NVIDIA NvDLISR;C:\Users\hp\AppData\Local\Microsoft\WindowsApps;;."/>
    <property name="java.vm.info" value="mixed mode"/>
    <property name="java.vendor" value="Oracle Corporation"/>
    <property name="java.vm.version" value="25.91-b14"/>
    <property name="java.ext.dirs" value="C:\Program Files\Java\jdk1.8.0_91\jre\lib\ext;C:\WINDOWS\Sun\Java\lib\ext"/>
    <property name="sun.io.unicode.encoding" value="UnicodeLittle"/>
    <property name="java.class.version" value="52.0"/>
  </properties>
  <testcase name="testGoEasys" classname="com.baizhi.Test.TestGoEasy" time="24.866"/>
  <testcase name="testGoEasy" classname="com.baizhi.Test.TestGoEasy" time="0.202"/>
</testsuite>